七月 22 2015 10:46:19.525 DEBUG [http-bio-80-exec-1] cn.aolc.group.performance.security.KpiPersistentTokenBasedRememberMeService - Remember-me cookie detected
七月 22 2015 10:46:19.551 DEBUG [http-bio-80-exec-1] cn.aolc.group.performance.security.KpiPersistentTokenBasedRememberMeService - Refreshing persistent login token for user 'Anna@aolc.cn', series 'mA0SrYUEavJHEHJZQEM4Xw=='
七月 22 2015 10:46:19.693 DEBUG [http-bio-80-exec-1] cn.aolc.group.performance.security.KpiPersistentTokenBasedRememberMeService - Remember-me cookie accepted
七月 22 2015 10:46:19.810 DEBUG [http-bio-80-exec-1] cn.aolc.group.performance.util.LogUtil - homecontroller index
七月 22 2015 10:47:19.673 DEBUG [http-bio-80-exec-10] cn.aolc.group.performance.util.LogUtil - homecontroller index
七月 22 2015 10:47:22.335 DEBUG [http-bio-80-exec-6] cn.aolc.group.performance.util.LogUtil - homecontroller index
七月 22 2015 10:47:23.874 DEBUG [http-bio-80-exec-7] cn.aolc.group.performance.util.LogUtil - homecontroller index
七月 22 2015 10:47:42.220 DEBUG [http-bio-80-exec-9] cn.aolc.group.performance.util.LogUtil - homecontroller index
七月 22 2015 10:47:44.150 DEBUG [http-bio-80-exec-6] cn.aolc.group.performance.util.LogUtil - homecontroller index
七月 22 2015 10:49:02.993 DEBUG [http-bio-80-exec-4] cn.aolc.group.performance.util.LogUtil - homecontroller index
七月 22 2015 10:49:33.903 DEBUG [http-bio-80-exec-10] cn.aolc.group.performance.util.LogUtil - homecontroller index
七月 22 2015 10:49:36.832 DEBUG [http-bio-80-exec-6] cn.aolc.group.performance.util.LogUtil - homecontroller index
七月 22 2015 10:49:42.559 DEBUG [http-bio-80-exec-2] cn.aolc.group.performance.util.LogUtil - homecontroller index
七月 22 2015 10:49:59.358 DEBUG [http-bio-80-exec-9] cn.aolc.group.performance.security.KpiPersistentTokenBasedRememberMeService - Logout of user Anna@aolc.cn
七月 22 2015 10:49:59.359 DEBUG [http-bio-80-exec-9] cn.aolc.group.performance.security.KpiPersistentTokenBasedRememberMeService - Cancelling cookie
七月 22 2015 10:50:07.717 DEBUG [http-bio-80-exec-9] cn.aolc.group.performance.security.KpiPersistentTokenBasedRememberMeService - Creating new persistent login for user Anna@aolc.cn
七月 22 2015 10:50:07.720 DEBUG [http-bio-80-exec-9] cn.aolc.group.performance.security.KpiAuthenticationSuccessHandler - Found targetUrlParameter in request: /home/index.html
七月 22 2015 10:50:07.762 DEBUG [http-bio-80-exec-9] cn.aolc.group.performance.util.LogUtil - homecontroller index
七月 22 2015 10:50:12.086 DEBUG [http-bio-80-exec-5] cn.aolc.group.performance.util.LogUtil - homecontroller index
七月 22 2015 10:50:14.593 DEBUG [http-bio-80-exec-6] cn.aolc.group.performance.util.LogUtil - homecontroller index
